<?xml version="1.0" encoding="UTF-8"?>
<!-- Generated by org.testng.reporters.JUnitReportReporter -->
<testsuite hostname="IN-PF3JHZGT" failures="0" tests="1" name="script.DemoTest" time="18.314" errors="0" timestamp="2023-09-12T20:07:16 IST" skipped="0">
  <testcase classname="script.DemoTest" name="testA" time="18.314">
    <system-out>
      <![CDATA[Facebook - log in or sign up
RC:3
CC:3
valueBhanu]]>
    </system-out>
  </testcase> <!-- testA -->
  <system-out>
    <![CDATA[Facebook - log in or sign up
RC:3
CC:3
valueBhanu
Facebook - log in or sign up]]>
  </system-out>
</testsuite> <!-- script.DemoTest -->
